Bookmarks: Unresolved ID reference "_c_0_overview" found.
Bookmarks: Unresolved ID reference "_a_0_overview" found.
Bookmarks: Unresolved ID reference "_e_0_overview" found.
Bookmarks: Unresolved ID reference "_b_0_overview" found.
Bookmarks: Unresolved ID reference "_d_0_overview" found.
Bookmarks: Unresolved ID reference "_f_0_overview" found.
Page v: Unresolved ID reference "_b_0_overview" found.
Page v: Unresolved ID reference "_c_0_overview" found.
Page v: Unresolved ID reference "_d_0_overview" found.
Page v: Unresolved ID reference "_a_0_overview" found.
Page v: Unresolved ID reference "_e_0_overview" found.
Page vi: Unresolved ID reference "_f_0_overview" found.
Page 13: Unresolved ID reference "Influence_of_Coordinate_Reference_Systems_on_geometric_computations" found.
Page 13: Unresolved ID reference "Recommendation_for_specification_of_units_of_measurement" found.
Page 13: Unresolved ID reference "_coordinate_reference_system" found.
Page 13: Unresolved ID reference "_spatial_reference_system" found.
Page 29: Unresolved ID reference "_owl" found.
Page 35: Unresolved ID reference "Class__SpatialObject" found.
Page 36: Unresolved ID reference "Class__Feature" found.
Page 36: Unresolved ID reference "Class__SpatialObjectCollection" found.
Page 46: Unresolved ID reference "Property__geo" found.
Page 47: Unresolved ID reference "Property__geo" found.
Page 48: Unresolved ID reference "Property__geo" found.
Page 56: Unresolved ID reference "Class__SpatialObjectCollection" found.
Page 56: Unresolved ID reference "Class__Geometry" found.
Page 58: Unresolved ID reference "Recommendation_for_specification_of_units_of_measurement" found.
Page 59: Unresolved ID reference "Recommendation_for_specification_of_units_of_measurement" found.
Page 75: Unresolved ID reference "Recommendation_for_specification_of_units_of_measurement" found.
Page 76: Unresolved ID reference "Recommendation_for_specification_of_units_of_measurement" found.
Page 78: Unresolved ID reference "Recommendation_for_specification_of_units_of_measurement" found.
Page 79: Unresolved ID reference "Recommendation_for_specification_of_units_of_measurement" found.
Page 86: Unresolved ID reference "Function__geof" found.
Page 98: Unresolved ID reference "Simple_Features_Relation_Family__relation_family_Simple_Features_" found.
Page 98: Unresolved ID reference "Egenhofer_Relation_Family__relation_family_Egenhofer_" found.
Page 99: Unresolved ID reference "RCC8_Relation_Family__relation_family_RCC8_" found.
Page 99: Unresolved ID reference "Egenhofer_Relation_Family__relation_family_Egenhofer_" found.
Page 100: Unresolved ID reference "RCC8_Relation_Family__relation_family_RCC8_" found.
Page 100: Unresolved ID reference "Simple_Features_Relation_Family__relation_family_Simple_Features_" found.
Page 105: Unresolved ID reference "sparql-protocol" found.
Page 108: Unresolved ID reference "Property__geo" found.
Page 109: Unresolved ID reference "Property__geo" found.
Page 123: Unresolved ID reference "_spatial_aggregate_functions" found.
Page 126: Unresolved ID reference "sf-query-functions" found.
Page 126: Unresolved ID reference "eh-query-functions" found.
Page 127: Unresolved ID reference "rcc8-query-functions" found.
Page 132: Unresolved ID reference "geof_sfEquals" found.
Page 132: Unresolved ID reference "geof_sfContains" found.
Page 132: Unresolved ID reference "geof_sfCrosses" found.
Page 132: Unresolved ID reference "geof_sfDisjoint" found.
Page 133: Unresolved ID reference "geof_ehContains" found.
Page 133: Unresolved ID reference "geof_ehOverlap" found.
Page 133: Unresolved ID reference "geof_ehDisjoint" found.
Page 133: Unresolved ID reference "geof_sfIntersects" found.
Page 133: Unresolved ID reference "geof_sfOverlaps" found.
Page 133: Unresolved ID reference "geof_rcc8eq" found.
Page 133: Unresolved ID reference "geof_ehEquals" found.
Page 133: Unresolved ID reference "geof_rcc8ntppi" found.
Page 133: Unresolved ID reference "geof_sfTouches" found.
Page 133: Unresolved ID reference "geof_ehCovers" found.
Page 133: Unresolved ID reference "geof_rcc8dcc" found.
Page 133: Unresolved ID reference "geof_rcc8ecc" found.
Page 133: Unresolved ID reference "geof_rcc8ntpp" found.
Page 133: Unresolved ID reference "geof_rcc8po" found.
Page 133: Unresolved ID reference "geof_ehCoveredBy" found.
Page 133: Unresolved ID reference "geof_sfWithin" found.
Page 133: Unresolved ID reference "geof_ehMeet" found.
Page 133: Unresolved ID reference "geof_ehInside" found.
Page 134: Unresolved ID reference "geof_rcc8tpp" found.
Page 134: Unresolved ID reference "geof_rcc8tppi" found.
Page 146: Unresolved ID reference "B_1.1.2.2_A__lt_tt_gt_Feature_lt__tt_gt__related_to_a__lt_tt_gt_Geometry_lt__tt_gt_" found.
Page 148: Unresolved ID reference "C.1.1.1.2_Size_Properties" found.
Page 159: Unresolved ID reference "C.1.2.4_Geometry_Serializations" found.
Page 188: Unresolved ID reference "Property__geo" found.
Page 193: Unresolved ID reference "F.2.1_Query_Parameters" found.
